<?xml version="1.0" encoding="UTF-8"?>
<!-- Generated by org.testng.reporters.JUnitReportReporter -->
<testsuite hostname="nooruddin1-sa" failures="0" tests="1" name="testcase.Login_Existinguser" time="17.651" errors="0" timestamp="2025-05-21T18:07:44 IST" skipped="0">
  <testcase classname="testcase.Login_Existinguser" name="Login" time="17.651"/>
  <system-out/>
</testsuite> <!-- testcase.Login_Existinguser -->
